
SQL*Loader: Release 10.2.0.1.0 - Production on Mon Apr 4 20:55:17 2011

Copyright (c) 1982, 2005, Oracle.  All rights reserved.

Control File:   BIKTOR.CTL
Data File:      BIKTOR.DAT
  File processing option string: "FIX 174"
  Bad File:     BIKTOR.bad
  Discard File:  none specified
 
 (Allow all discards)

Number to load: ALL
Number to skip: 0
Errors allowed: 50
Bind array:     64 rows, maximum of 256000 bytes
Continuation:    none specified
Path used:      Conventional

Table BIKTOR, loaded when 1:1 = 0X20(character ' ')
Insert option in effect for this table: INSERT

   Column Name                  Position   Len  Term Encl Datatype
------------------------------ ---------- ----- ---- ---- ---------------------
KLSZ_                                 2:6     5           CHARACTER            
FULSZAM_                             7:20    14           CHARACTER            
NEV_                                21:60    40           CHARACTER            
SZ_DAT_                             61:68     8           DATE YYYYMMDD        
    NULL if SZ_DAT_ = BLANKS
HASZNOSIT_                          69:69     1           CHARACTER            
ERKEZES_                            70:70     1           CHARACTER            
SZARM_ORSZ_                         71:73     3           CHARACTER            
EXP_ORSZ_                           74:76     3           CHARACTER            
FAJTA1_                             77:78     2           CHARACTER            
FAJTA2_                             79:80     2           CHARACTER            
FAJTA3_                             81:82     2           CHARACTER            
FAJTA4_                             83:84     2           CHARACTER            
FAJTA5_                             85:86     2           CHARACTER            
FAJTA_OSZ_                          87:89     3           CHARACTER            
VERH1_                              90:95     6           CHARACTER            
VERH2_                             96:101     6           CHARACTER            
VERH3_                            102:107     6           CHARACTER            
VERH4_                            108:113     6           CHARACTER            
VERH5_                            114:119     6           CHARACTER            
AP_KLSZ_                          120:124     5           CHARACTER            
AN_FULSZAM_                       125:138    14           CHARACTER            
ANAPA_KLSZ_                       139:143     5           CHARACTER            
SZINKOD_                          144:144     1           CHARACTER            
REDFAKTOR_                        145:145     1           CHARACTER            
TENYESZTO_                        146:151     6           CHARACTER            
TULAJ_                            152:157     6           CHARACTER            
HELYE_                            158:163     6           CHARACTER            
EL_E_                             164:164     1           CHARACTER            
SP_VAN_                           165:165     1           CHARACTER            
MOD_DATUM_                        166:173     8           DATE YYYYMMDD        
    NULL if MOD_DATUM_ = BLANKS
ITVSTATUS_                        174:174     1           CHARACTER            

SQL*Loader-466: Column KLSZ_ does not exist in table BIKTOR.
