

***********************************************************************
Fatal NI connect error 12541, connecting to:
 (DESCRIPTION=(ADDRESS=(PROTOCOL=TCP)(HOST=HCS-LAPTOP)(PORT=1521))(CONNECT_DATA=(SERVER=DEDICATED)(SERVICE_NAME=XE)(CID=(PROGRAM=C:\wtarka\source\wtarka.exe)(HOST=HCS-LAPTOP)(USER=Hargitai?Csaba))))

  VERSION INFORMATION:
	TNS for 32-bit Windows: Version 10.2.0.1.0 - Production
	Windows NT TCP/IP NT Protocol Adapter for 32-bit Windows: Version 10.2.0.1.0 - Production
  Time: 21-OCT-2010 09:10:15
  Tracing not turned on.
  Tns error struct:
    ns main err code: 12541
    TNS-12541: TNS:no listener
    ns secondary err code: 12560
    nt main err code: 511
    TNS-00511: No listener
    nt secondary err code: 61
    nt OS err code: 0


***********************************************************************
Fatal NI connect error 12541, connecting to:
 (DESCRIPTION=(ADDRESS=(PROTOCOL=TCP)(HOST=HCS-LAPTOP)(PORT=1521))(CONNECT_DATA=(SERVER=DEDICATED)(SERVICE_NAME=XE)(CID=(PROGRAM=C:\wtarka\source\wtarka.exe)(HOST=HCS-LAPTOP)(USER=Hargitai?Csaba))))

  VERSION INFORMATION:
	TNS for 32-bit Windows: Version 10.2.0.1.0 - Production
	Windows NT TCP/IP NT Protocol Adapter for 32-bit Windows: Version 10.2.0.1.0 - Production
  Time: 21-OCT-2010 09:10:18
  Tracing not turned on.
  Tns error struct:
    ns main err code: 12541
    TNS-12541: TNS:no listener
    ns secondary err code: 12560
    nt main err code: 511
    TNS-00511: No listener
    nt secondary err code: 61
    nt OS err code: 0


***********************************************************************
Fatal NI connect error 12514, connecting to:
 (DESCRIPTION=(ADDRESS=(PROTOCOL=TCP)(HOST=HCS-LAPTOP)(PORT=1521))(CONNECT_DATA=(SERVER=DEDICATED)(SERVICE_NAME=XE)(CID=(PROGRAM=C:\wtarka\source\wtarka.exe)(HOST=HCS-LAPTOP)(USER=Hargitai?Csaba))))

  VERSION INFORMATION:
	TNS for 32-bit Windows: Version 10.2.0.1.0 - Production
	Windows NT TCP/IP NT Protocol Adapter for 32-bit Windows: Version 10.2.0.1.0 - Production
  Time: 21-OCT-2010 09:11:47
  Tracing not turned on.
  Tns error struct:
    ns main err code: 12564
    TNS-12564: TNS:connection refused
    ns secondary err code: 0
    nt main err code: 0
    nt secondary err code: 0
    nt OS err code: 0


***********************************************************************
Fatal NI connect error 12514, connecting to:
 (DESCRIPTION=(ADDRESS=(PROTOCOL=TCP)(HOST=HCS-LAPTOP)(PORT=1521))(CONNECT_DATA=(SERVER=DEDICATED)(SERVICE_NAME=XE)(CID=(PROGRAM=C:\wtarka\source\wtarka.exe)(HOST=HCS-LAPTOP)(USER=Hargitai?Csaba))))

  VERSION INFORMATION:
	TNS for 32-bit Windows: Version 10.2.0.1.0 - Production
	Windows NT TCP/IP NT Protocol Adapter for 32-bit Windows: Version 10.2.0.1.0 - Production
  Time: 21-OCT-2010 09:11:50
  Tracing not turned on.
  Tns error struct:
    ns main err code: 12564
    TNS-12564: TNS:connection refused
    ns secondary err code: 0
    nt main err code: 0
    nt secondary err code: 0
    nt OS err code: 0


***********************************************************************
Fatal NI connect error 12528, connecting to:
 (DESCRIPTION=(ADDRESS=(PROTOCOL=TCP)(HOST=HCS-LAPTOP)(PORT=1521))(CONNECT_DATA=(SERVER=DEDICATED)(SERVICE_NAME=XE)(CID=(PROGRAM=C:\wtarka\source\wtarka.exe)(HOST=HCS-LAPTOP)(USER=Hargitai?Csaba))))

  VERSION INFORMATION:
	TNS for 32-bit Windows: Version 10.2.0.1.0 - Production
	Windows NT TCP/IP NT Protocol Adapter for 32-bit Windows: Version 10.2.0.1.0 - Production
  Time: 21-OCT-2010 09:11:55
  Tracing not turned on.
  Tns error struct:
    ns main err code: 12564
    TNS-12564: TNS:connection refused
    ns secondary err code: 0
    nt main err code: 0
    nt secondary err code: 0
    nt OS err code: 0


***********************************************************************
Fatal NI connect error 12541, connecting to:
 (DESCRIPTION=(ADDRESS=(PROTOCOL=TCP)(HOST=HCS-LAPTOP)(PORT=1521))(CONNECT_DATA=(SERVER=DEDICATED)(SERVICE_NAME=XE)(CID=(PROGRAM=C:\Program Files\Borland\Delphi7\Bin\delphi32.exe)(HOST=HCS-LAPTOP)(USER=Hargitai?Csaba))))

  VERSION INFORMATION:
	TNS for 32-bit Windows: Version 10.2.0.1.0 - Production
	Windows NT TCP/IP NT Protocol Adapter for 32-bit Windows: Version 10.2.0.1.0 - Production
  Time: 22-OCT-2010 09:18:43
  Tracing not turned on.
  Tns error struct:
    ns main err code: 12541
    TNS-12541: TNS:no listener
    ns secondary err code: 12560
    nt main err code: 511
    TNS-00511: No listener
    nt secondary err code: 61
    nt OS err code: 0


***********************************************************************
Fatal NI connect error 12541, connecting to:
 (DESCRIPTION=(ADDRESS=(PROTOCOL=TCP)(HOST=HCS-LAPTOP)(PORT=1521))(CONNECT_DATA=(SERVER=DEDICATED)(SERVICE_NAME=XE)(CID=(PROGRAM=C:\Program Files\Borland\Delphi7\Bin\delphi32.exe)(HOST=HCS-LAPTOP)(USER=Hargitai?Csaba))))

  VERSION INFORMATION:
	TNS for 32-bit Windows: Version 10.2.0.1.0 - Production
	Windows NT TCP/IP NT Protocol Adapter for 32-bit Windows: Version 10.2.0.1.0 - Production
  Time: 22-OCT-2010 10:45:01
  Tracing not turned on.
  Tns error struct:
    ns main err code: 12541
    TNS-12541: TNS:no listener
    ns secondary err code: 12560
    nt main err code: 511
    TNS-00511: No listener
    nt secondary err code: 61
    nt OS err code: 0


***********************************************************************
Fatal NI connect error 12541, connecting to:
 (DESCRIPTION=(ADDRESS=(PROTOCOL=TCP)(HOST=HCS-LAPTOP)(PORT=1521))(CONNECT_DATA=(SERVER=DEDICATED)(SERVICE_NAME=XE)(CID=(PROGRAM=C:\Program Files\Borland\Delphi7\Bin\delphi32.exe)(HOST=HCS-LAPTOP)(USER=Hargitai?Csaba))))

  VERSION INFORMATION:
	TNS for 32-bit Windows: Version 10.2.0.1.0 - Production
	Windows NT TCP/IP NT Protocol Adapter for 32-bit Windows: Version 10.2.0.1.0 - Production
  Time: 25-OCT-2010 08:18:43
  Tracing not turned on.
  Tns error struct:
    ns main err code: 12541
    TNS-12541: TNS:no listener
    ns secondary err code: 12560
    nt main err code: 511
    TNS-00511: No listener
    nt secondary err code: 61
    nt OS err code: 0


***********************************************************************
Fatal NI connect error 12541, connecting to:
 (DESCRIPTION=(ADDRESS=(PROTOCOL=TCP)(HOST=HCS-LAPTOP)(PORT=1521))(CONNECT_DATA=(SERVER=DEDICATED)(SERVICE_NAME=XE)(CID=(PROGRAM=C:\Program Files\Borland\Delphi7\Bin\delphi32.exe)(HOST=HCS-LAPTOP)(USER=Hargitai?Csaba))))

  VERSION INFORMATION:
	TNS for 32-bit Windows: Version 10.2.0.1.0 - Production
	Windows NT TCP/IP NT Protocol Adapter for 32-bit Windows: Version 10.2.0.1.0 - Production
  Time: 25-NOV-2010 19:51:09
  Tracing not turned on.
  Tns error struct:
    ns main err code: 12541
    TNS-12541: TNS:no listener
    ns secondary err code: 12560
    nt main err code: 511
    TNS-00511: No listener
    nt secondary err code: 61
    nt OS err code: 0


***********************************************************************
Fatal NI connect error 12541, connecting to:
 (DESCRIPTION=(ADDRESS=(PROTOCOL=TCP)(HOST=HCS-LAPTOP)(PORT=1521))(CONNECT_DATA=(SERVER=DEDICATED)(SERVICE_NAME=XE)(CID=(PROGRAM=C:\Program Files\Borland\Delphi7\Bin\delphi32.exe)(HOST=HCS-LAPTOP)(USER=Hargitai?Csaba))))

  VERSION INFORMATION:
	TNS for 32-bit Windows: Version 10.2.0.1.0 - Production
	Windows NT TCP/IP NT Protocol Adapter for 32-bit Windows: Version 10.2.0.1.0 - Production
  Time: 09-DEC-2010 08:56:22
  Tracing not turned on.
  Tns error struct:
    ns main err code: 12541
    TNS-12541: TNS:no listener
    ns secondary err code: 12560
    nt main err code: 511
    TNS-00511: No listener
    nt secondary err code: 61
    nt OS err code: 0


***********************************************************************
Fatal NI connect error 12541, connecting to:
 (DESCRIPTION=(ADDRESS=(PROTOCOL=TCP)(HOST=HCS-LAPTOP)(PORT=1521))(CONNECT_DATA=(SERVER=DEDICATED)(SERVICE_NAME=XE)(CID=(PROGRAM=C:\Program Files\Borland\Delphi7\Bin\delphi32.exe)(HOST=HCS-LAPTOP)(USER=Hargitai?Csaba))))

  VERSION INFORMATION:
	TNS for 32-bit Windows: Version 10.2.0.1.0 - Production
	Windows NT TCP/IP NT Protocol Adapter for 32-bit Windows: Version 10.2.0.1.0 - Production
  Time: 12-DEC-2010 14:29:49
  Tracing not turned on.
  Tns error struct:
    ns main err code: 12541
    TNS-12541: TNS:no listener
    ns secondary err code: 12560
    nt main err code: 511
    TNS-00511: No listener
    nt secondary err code: 61
    nt OS err code: 0


***********************************************************************
Fatal NI connect error 12541, connecting to:
 (DESCRIPTION=(ADDRESS=(PROTOCOL=TCP)(HOST=HCS-LAPTOP)(PORT=1521))(CONNECT_DATA=(SERVER=DEDICATED)(SERVICE_NAME=XE)(CID=(PROGRAM=C:\wtarka\source\wtarka.exe)(HOST=HCS-LAPTOP)(USER=Hargitai?Csaba))))

  VERSION INFORMATION:
	TNS for 32-bit Windows: Version 10.2.0.1.0 - Production
	Windows NT TCP/IP NT Protocol Adapter for 32-bit Windows: Version 10.2.0.1.0 - Production
  Time: 14-DEC-2010 13:08:26
  Tracing not turned on.
  Tns error struct:
    ns main err code: 12541
    TNS-12541: TNS:no listener
    ns secondary err code: 12560
    nt main err code: 511
    TNS-00511: No listener
    nt secondary err code: 61
    nt OS err code: 0


***********************************************************************
Fatal NI connect error 12541, connecting to:
 (DESCRIPTION=(ADDRESS=(PROTOCOL=TCP)(HOST=HCS-LAPTOP)(PORT=1521))(CONNECT_DATA=(SERVER=DEDICATED)(SERVICE_NAME=XE)(CID=(PROGRAM=C:\wtarka\source\wtarka.exe)(HOST=HCS-LAPTOP)(USER=Hargitai?Csaba))))

  VERSION INFORMATION:
	TNS for 32-bit Windows: Version 10.2.0.1.0 - Production
	Windows NT TCP/IP NT Protocol Adapter for 32-bit Windows: Version 10.2.0.1.0 - Production
  Time: 14-DEC-2010 13:08:29
  Tracing not turned on.
  Tns error struct:
    ns main err code: 12541
    TNS-12541: TNS:no listener
    ns secondary err code: 12560
    nt main err code: 511
    TNS-00511: No listener
    nt secondary err code: 61
    nt OS err code: 0


***********************************************************************
Fatal NI connect error 12528, connecting to:
 (DESCRIPTION=(ADDRESS=(PROTOCOL=TCP)(HOST=HCS-LAPTOP)(PORT=1521))(CONNECT_DATA=(SERVER=DEDICATED)(SERVICE_NAME=XE)(CID=(PROGRAM=C:\wtarka\source\wtarka.exe)(HOST=HCS-LAPTOP)(USER=Hargitai?Csaba))))

  VERSION INFORMATION:
	TNS for 32-bit Windows: Version 10.2.0.1.0 - Production
	Windows NT TCP/IP NT Protocol Adapter for 32-bit Windows: Version 10.2.0.1.0 - Production
  Time: 14-DEC-2010 13:08:42
  Tracing not turned on.
  Tns error struct:
    ns main err code: 12564
    TNS-12564: TNS:connection refused
    ns secondary err code: 0
    nt main err code: 0
    nt secondary err code: 0
    nt OS err code: 0


***********************************************************************
Fatal NI connect error 12528, connecting to:
 (DESCRIPTION=(ADDRESS=(PROTOCOL=TCP)(HOST=HCS-LAPTOP)(PORT=1521))(CONNECT_DATA=(SERVER=DEDICATED)(SERVICE_NAME=XE)(CID=(PROGRAM=C:\wtarka\source\wtarka.exe)(HOST=HCS-LAPTOP)(USER=Hargitai?Csaba))))

  VERSION INFORMATION:
	TNS for 32-bit Windows: Version 10.2.0.1.0 - Production
	Windows NT TCP/IP NT Protocol Adapter for 32-bit Windows: Version 10.2.0.1.0 - Production
  Time: 14-DEC-2010 13:08:44
  Tracing not turned on.
  Tns error struct:
    ns main err code: 12564
    TNS-12564: TNS:connection refused
    ns secondary err code: 0
    nt main err code: 0
    nt secondary err code: 0
    nt OS err code: 0


***********************************************************************
Fatal NI connect error 12541, connecting to:
 (DESCRIPTION=(ADDRESS=(PROTOCOL=TCP)(HOST=HCS-LAPTOP)(PORT=1521))(CONNECT_DATA=(SERVER=DEDICATED)(SERVICE_NAME=XE)(CID=(PROGRAM=C:\Program Files\Borland\Delphi7\Bin\delphi32.exe)(HOST=HCS-LAPTOP)(USER=Hargitai?Csaba))))

  VERSION INFORMATION:
	TNS for 32-bit Windows: Version 10.2.0.1.0 - Production
	Windows NT TCP/IP NT Protocol Adapter for 32-bit Windows: Version 10.2.0.1.0 - Production
  Time: 15-DEC-2010 08:08:02
  Tracing not turned on.
  Tns error struct:
    ns main err code: 12541
    TNS-12541: TNS:no listener
    ns secondary err code: 12560
    nt main err code: 511
    TNS-00511: No listener
    nt secondary err code: 61
    nt OS err code: 0


***********************************************************************
Fatal NI connect error 12541, connecting to:
 (DESCRIPTION=(ADDRESS=(PROTOCOL=TCP)(HOST=HCS-LAPTOP)(PORT=1521))(CONNECT_DATA=(SERVER=DEDICATED)(SERVICE_NAME=XE)(CID=(PROGRAM=C:\Program Files\Borland\Delphi7\Bin\delphi32.exe)(HOST=HCS-LAPTOP)(USER=Hargitai?Csaba))))

  VERSION INFORMATION:
	TNS for 32-bit Windows: Version 10.2.0.1.0 - Production
	Windows NT TCP/IP NT Protocol Adapter for 32-bit Windows: Version 10.2.0.1.0 - Production
  Time: 15-DEC-2010 10:44:16
  Tracing not turned on.
  Tns error struct:
    ns main err code: 12541
    TNS-12541: TNS:no listener
    ns secondary err code: 12560
    nt main err code: 511
    TNS-00511: No listener
    nt secondary err code: 61
    nt OS err code: 0


***********************************************************************
Fatal NI connect error 12541, connecting to:
 (DESCRIPTION=(ADDRESS=(PROTOCOL=TCP)(HOST=HCS-LAPTOP)(PORT=1521))(CONNECT_DATA=(SERVER=DEDICATED)(SERVICE_NAME=XE)(CID=(PROGRAM=C:\wtarka\source\wtarka.exe)(HOST=HCS-LAPTOP)(USER=Hargitai?Csaba))))

  VERSION INFORMATION:
	TNS for 32-bit Windows: Version 10.2.0.1.0 - Production
	Windows NT TCP/IP NT Protocol Adapter for 32-bit Windows: Version 10.2.0.1.0 - Production
  Time: 15-DEC-2010 10:49:13
  Tracing not turned on.
  Tns error struct:
    ns main err code: 12541
    TNS-12541: TNS:no listener
    ns secondary err code: 12560
    nt main err code: 511
    TNS-00511: No listener
    nt secondary err code: 61
    nt OS err code: 0


***********************************************************************
Fatal NI connect error 12541, connecting to:
 (DESCRIPTION=(ADDRESS=(PROTOCOL=TCP)(HOST=HCS-LAPTOP)(PORT=1521))(CONNECT_DATA=(SERVER=DEDICATED)(SERVICE_NAME=XE)(CID=(PROGRAM=C:\wtarka\source\wtarka.exe)(HOST=HCS-LAPTOP)(USER=Hargitai?Csaba))))

  VERSION INFORMATION:
	TNS for 32-bit Windows: Version 10.2.0.1.0 - Production
	Windows NT TCP/IP NT Protocol Adapter for 32-bit Windows: Version 10.2.0.1.0 - Production
  Time: 15-DEC-2010 10:49:16
  Tracing not turned on.
  Tns error struct:
    ns main err code: 12541
    TNS-12541: TNS:no listener
    ns secondary err code: 12560
    nt main err code: 511
    TNS-00511: No listener
    nt secondary err code: 61
    nt OS err code: 0


***********************************************************************
Fatal NI connect error 12541, connecting to:
 (DESCRIPTION=(ADDRESS=(PROTOCOL=TCP)(HOST=HCS-LAPTOP)(PORT=1521))(CONNECT_DATA=(SERVER=DEDICATED)(SERVICE_NAME=XE)(CID=(PROGRAM=C:\wtarka\source\wtarka.exe)(HOST=HCS-LAPTOP)(USER=Hargitai?Csaba))))

  VERSION INFORMATION:
	TNS for 32-bit Windows: Version 10.2.0.1.0 - Production
	Windows NT TCP/IP NT Protocol Adapter for 32-bit Windows: Version 10.2.0.1.0 - Production
  Time: 15-DEC-2010 10:49:19
  Tracing not turned on.
  Tns error struct:
    ns main err code: 12541
    TNS-12541: TNS:no listener
    ns secondary err code: 12560
    nt main err code: 511
    TNS-00511: No listener
    nt secondary err code: 61
    nt OS err code: 0


***********************************************************************
Fatal NI connect error 12541, connecting to:
 (DESCRIPTION=(ADDRESS=(PROTOCOL=TCP)(HOST=HCS-LAPTOP)(PORT=1521))(CONNECT_DATA=(SERVER=DEDICATED)(SERVICE_NAME=XE)(CID=(PROGRAM=C:\Program Files\Borland\Delphi7\Bin\delphi32.exe)(HOST=HCS-LAPTOP)(USER=Hargitai?Csaba))))

  VERSION INFORMATION:
	TNS for 32-bit Windows: Version 10.2.0.1.0 - Production
	Windows NT TCP/IP NT Protocol Adapter for 32-bit Windows: Version 10.2.0.1.0 - Production
  Time: 16-DEC-2010 09:25:45
  Tracing not turned on.
  Tns error struct:
    ns main err code: 12541
    TNS-12541: TNS:no listener
    ns secondary err code: 12560
    nt main err code: 511
    TNS-00511: No listener
    nt secondary err code: 61
    nt OS err code: 0


***********************************************************************
Fatal NI connect error 12541, connecting to:
 (DESCRIPTION=(ADDRESS=(PROTOCOL=TCP)(HOST=HCS-LAPTOP)(PORT=1521))(CONNECT_DATA=(SERVER=DEDICATED)(SERVICE_NAME=XE)(CID=(PROGRAM=C:\Program Files\Borland\Delphi7\Bin\delphi32.exe)(HOST=HCS-LAPTOP)(USER=Hargitai?Csaba))))

  VERSION INFORMATION:
	TNS for 32-bit Windows: Version 10.2.0.1.0 - Production
	Windows NT TCP/IP NT Protocol Adapter for 32-bit Windows: Version 10.2.0.1.0 - Production
  Time: 25-JAN-2011 08:26:02
  Tracing not turned on.
  Tns error struct:
    ns main err code: 12541
    TNS-12541: TNS:no listener
    ns secondary err code: 12560
    nt main err code: 511
    TNS-00511: No listener
    nt secondary err code: 61
    nt OS err code: 0


***********************************************************************
Fatal NI connect error 12541, connecting to:
 (DESCRIPTION=(ADDRESS=(PROTOCOL=TCP)(HOST=HCS-LAPTOP)(PORT=1521))(CONNECT_DATA=(SERVER=DEDICATED)(SERVICE_NAME=XE)(CID=(PROGRAM=C:\Program Files\Borland\Delphi7\Bin\delphi32.exe)(HOST=HCS-LAPTOP)(USER=Hargitai?Csaba))))

  VERSION INFORMATION:
	TNS for 32-bit Windows: Version 10.2.0.1.0 - Production
	Windows NT TCP/IP NT Protocol Adapter for 32-bit Windows: Version 10.2.0.1.0 - Production
  Time: 25-JAN-2011 08:26:39
  Tracing not turned on.
  Tns error struct:
    ns main err code: 12541
    TNS-12541: TNS:no listener
    ns secondary err code: 12560
    nt main err code: 511
    TNS-00511: No listener
    nt secondary err code: 61
    nt OS err code: 0


***********************************************************************
Fatal NI connect error 12541, connecting to:
 (DESCRIPTION=(ADDRESS=(PROTOCOL=TCP)(HOST=HCS-LAPTOP)(PORT=1521))(CONNECT_DATA=(SERVER=DEDICATED)(SERVICE_NAME=XE)(CID=(PROGRAM=C:\Program Files\Borland\Delphi7\Bin\delphi32.exe)(HOST=HCS-LAPTOP)(USER=Hargitai?Csaba))))

  VERSION INFORMATION:
	TNS for 32-bit Windows: Version 10.2.0.1.0 - Production
	Windows NT TCP/IP NT Protocol Adapter for 32-bit Windows: Version 10.2.0.1.0 - Production
  Time: 25-JAN-2011 08:36:41
  Tracing not turned on.
  Tns error struct:
    ns main err code: 12541
    TNS-12541: TNS:no listener
    ns secondary err code: 12560
    nt main err code: 511
    TNS-00511: No listener
    nt secondary err code: 61
    nt OS err code: 0


***********************************************************************
Fatal NI connect error 12541, connecting to:
 (DESCRIPTION=(ADDRESS=(PROTOCOL=TCP)(HOST=HCS-LAPTOP)(PORT=1521))(CONNECT_DATA=(SERVER=DEDICATED)(SERVICE_NAME=XE)(CID=(PROGRAM=C:\Program Files\Borland\Delphi7\Bin\delphi32.exe)(HOST=HCS-LAPTOP)(USER=Hargitai?Csaba))))

  VERSION INFORMATION:
	TNS for 32-bit Windows: Version 10.2.0.1.0 - Production
	Windows NT TCP/IP NT Protocol Adapter for 32-bit Windows: Version 10.2.0.1.0 - Production
  Time: 04-FEB-2011 08:46:13
  Tracing not turned on.
  Tns error struct:
    ns main err code: 12541
    TNS-12541: TNS:no listener
    ns secondary err code: 12560
    nt main err code: 511
    TNS-00511: No listener
    nt secondary err code: 61
    nt OS err code: 0


***********************************************************************
Fatal NI connect error 12541, connecting to:
 (DESCRIPTION=(ADDRESS=(PROTOCOL=TCP)(HOST=HCS-LAPTOP)(PORT=1521))(CONNECT_DATA=(SERVER=DEDICATED)(SERVICE_NAME=XE)(CID=(PROGRAM=C:\Program Files\Borland\Delphi7\Bin\delphi32.exe)(HOST=HCS-LAPTOP)(USER=Hargitai?Csaba))))

  VERSION INFORMATION:
	TNS for 32-bit Windows: Version 10.2.0.1.0 - Production
	Windows NT TCP/IP NT Protocol Adapter for 32-bit Windows: Version 10.2.0.1.0 - Production
  Time: 04-FEB-2011 08:51:13
  Tracing not turned on.
  Tns error struct:
    ns main err code: 12541
    TNS-12541: TNS:no listener
    ns secondary err code: 12560
    nt main err code: 511
    TNS-00511: No listener
    nt secondary err code: 61
    nt OS err code: 0


***********************************************************************
Fatal NI connect error 12541, connecting to:
 (DESCRIPTION=(ADDRESS=(PROTOCOL=TCP)(HOST=HCS-LAPTOP)(PORT=1521))(CONNECT_DATA=(SERVER=DEDICATED)(SERVICE_NAME=XE)(CID=(PROGRAM=C:\Program Files\Borland\Delphi7\Bin\delphi32.exe)(HOST=HCS-LAPTOP)(USER=Hargitai?Csaba))))

  VERSION INFORMATION:
	TNS for 32-bit Windows: Version 10.2.0.1.0 - Production
	Windows NT TCP/IP NT Protocol Adapter for 32-bit Windows: Version 10.2.0.1.0 - Production
  Time: 04-FEB-2011 08:51:16
  Tracing not turned on.
  Tns error struct:
    ns main err code: 12541
    TNS-12541: TNS:no listener
    ns secondary err code: 12560
    nt main err code: 511
    TNS-00511: No listener
    nt secondary err code: 61
    nt OS err code: 0


***********************************************************************
Fatal NI connect error 12541, connecting to:
 (DESCRIPTION=(ADDRESS=(PROTOCOL=TCP)(HOST=HCS-LAPTOP)(PORT=1521))(CONNECT_DATA=(SERVER=DEDICATED)(SERVICE_NAME=XE)(CID=(PROGRAM=C:\Program Files\Borland\Delphi7\Bin\delphi32.exe)(HOST=HCS-LAPTOP)(USER=Hargitai?Csaba))))

  VERSION INFORMATION:
	TNS for 32-bit Windows: Version 10.2.0.1.0 - Production
	Windows NT TCP/IP NT Protocol Adapter for 32-bit Windows: Version 10.2.0.1.0 - Production
  Time: 07-FEB-2011 19:58:55
  Tracing not turned on.
  Tns error struct:
    ns main err code: 12541
    TNS-12541: TNS:no listener
    ns secondary err code: 12560
    nt main err code: 511
    TNS-00511: No listener
    nt secondary err code: 61
    nt OS err code: 0


***********************************************************************
Fatal NI connect error 12541, connecting to:
 (DESCRIPTION=(ADDRESS=(PROTOCOL=TCP)(HOST=HCS-LAPTOP)(PORT=1521))(CONNECT_DATA=(SERVER=DEDICATED)(SERVICE_NAME=XE)(CID=(PROGRAM=C:\wtarka\source\wtarka.exe)(HOST=HCS-LAPTOP)(USER=Hargitai?Csaba))))

  VERSION INFORMATION:
	TNS for 32-bit Windows: Version 10.2.0.1.0 - Production
	Windows NT TCP/IP NT Protocol Adapter for 32-bit Windows: Version 10.2.0.1.0 - Production
  Time: 24-FEB-2011 10:48:09
  Tracing not turned on.
  Tns error struct:
    ns main err code: 12541
    TNS-12541: TNS:no listener
    ns secondary err code: 12560
    nt main err code: 511
    TNS-00511: No listener
    nt secondary err code: 61
    nt OS err code: 0


***********************************************************************
Fatal NI connect error 12541, connecting to:
 (DESCRIPTION=(ADDRESS=(PROTOCOL=TCP)(HOST=HCS-LAPTOP)(PORT=1521))(CONNECT_DATA=(SERVER=DEDICATED)(SERVICE_NAME=XE)(CID=(PROGRAM=C:\wtarka\source\wtarka.exe)(HOST=HCS-LAPTOP)(USER=Hargitai?Csaba))))

  VERSION INFORMATION:
	TNS for 32-bit Windows: Version 10.2.0.1.0 - Production
	Windows NT TCP/IP NT Protocol Adapter for 32-bit Windows: Version 10.2.0.1.0 - Production
  Time: 24-FEB-2011 10:48:12
  Tracing not turned on.
  Tns error struct:
    ns main err code: 12541
    TNS-12541: TNS:no listener
    ns secondary err code: 12560
    nt main err code: 511
    TNS-00511: No listener
    nt secondary err code: 61
    nt OS err code: 0


***********************************************************************
Fatal NI connect error 12541, connecting to:
 (DESCRIPTION=(ADDRESS=(PROTOCOL=TCP)(HOST=HCS-LAPTOP)(PORT=1521))(CONNECT_DATA=(SERVER=DEDICATED)(SERVICE_NAME=XE)(CID=(PROGRAM=C:\wtarka\source\wtarka.exe)(HOST=HCS-LAPTOP)(USER=Hargitai?Csaba))))

  VERSION INFORMATION:
	TNS for 32-bit Windows: Version 10.2.0.1.0 - Production
	Windows NT TCP/IP NT Protocol Adapter for 32-bit Windows: Version 10.2.0.1.0 - Production
  Time: 24-FEB-2011 10:48:15
  Tracing not turned on.
  Tns error struct:
    ns main err code: 12541
    TNS-12541: TNS:no listener
    ns secondary err code: 12560
    nt main err code: 511
    TNS-00511: No listener
    nt secondary err code: 61
    nt OS err code: 0


***********************************************************************
Fatal NI connect error 12541, connecting to:
 (DESCRIPTION=(ADDRESS=(PROTOCOL=TCP)(HOST=HCS-LAPTOP)(PORT=1521))(CONNECT_DATA=(SERVER=DEDICATED)(SERVICE_NAME=XE)(CID=(PROGRAM=C:\Program Files\Borland\Delphi7\Bin\delphi32.exe)(HOST=HCS-LAPTOP)(USER=Hargitai?Csaba))))

  VERSION INFORMATION:
	TNS for 32-bit Windows: Version 10.2.0.1.0 - Production
	Windows NT TCP/IP NT Protocol Adapter for 32-bit Windows: Version 10.2.0.1.0 - Production
  Time: 25-FEB-2011 08:11:24
  Tracing not turned on.
  Tns error struct:
    ns main err code: 12541
    TNS-12541: TNS:no listener
    ns secondary err code: 12560
    nt main err code: 511
    TNS-00511: No listener
    nt secondary err code: 61
    nt OS err code: 0


***********************************************************************
Fatal NI connect error 12541, connecting to:
 (DESCRIPTION=(ADDRESS=(PROTOCOL=TCP)(HOST=HCS-LAPTOP)(PORT=1521))(CONNECT_DATA=(SERVER=DEDICATED)(SERVICE_NAME=XE)(CID=(PROGRAM=C:\Program Files\Borland\Delphi7\Bin\delphi32.exe)(HOST=HCS-LAPTOP)(USER=Hargitai?Csaba))))

  VERSION INFORMATION:
	TNS for 32-bit Windows: Version 10.2.0.1.0 - Production
	Windows NT TCP/IP NT Protocol Adapter for 32-bit Windows: Version 10.2.0.1.0 - Production
  Time: 25-FEB-2011 20:09:33
  Tracing not turned on.
  Tns error struct:
    ns main err code: 12541
    TNS-12541: TNS:no listener
    ns secondary err code: 12560
    nt main err code: 511
    TNS-00511: No listener
    nt secondary err code: 61
    nt OS err code: 0


***********************************************************************
Fatal NI connect error 12541, connecting to:
 (DESCRIPTION=(ADDRESS=(PROTOCOL=TCP)(HOST=HCS-LAPTOP)(PORT=1521))(CONNECT_DATA=(SERVER=DEDICATED)(SERVICE_NAME=XE)(CID=(PROGRAM=C:\wtarka\source\wtarka.exe)(HOST=HCS-LAPTOP)(USER=Hargitai?Csaba))))

  VERSION INFORMATION:
	TNS for 32-bit Windows: Version 10.2.0.1.0 - Production
	Windows NT TCP/IP NT Protocol Adapter for 32-bit Windows: Version 10.2.0.1.0 - Production
  Time: 13-APR-2011 22:22:20
  Tracing not turned on.
  Tns error struct:
    ns main err code: 12541
    TNS-12541: TNS:no listener
    ns secondary err code: 12560
    nt main err code: 511
    TNS-00511: No listener
    nt secondary err code: 61
    nt OS err code: 0


***********************************************************************
Fatal NI connect error 12541, connecting to:
 (DESCRIPTION=(ADDRESS=(PROTOCOL=TCP)(HOST=HCS-LAPTOP)(PORT=1521))(CONNECT_DATA=(SERVER=DEDICATED)(SERVICE_NAME=XE)(CID=(PROGRAM=C:\wtarka\source\wtarka.exe)(HOST=HCS-LAPTOP)(USER=Hargitai?Csaba))))

  VERSION INFORMATION:
	TNS for 32-bit Windows: Version 10.2.0.1.0 - Production
	Windows NT TCP/IP NT Protocol Adapter for 32-bit Windows: Version 10.2.0.1.0 - Production
  Time: 13-APR-2011 22:22:22
  Tracing not turned on.
  Tns error struct:
    ns main err code: 12541
    TNS-12541: TNS:no listener
    ns secondary err code: 12560
    nt main err code: 511
    TNS-00511: No listener
    nt secondary err code: 61
    nt OS err code: 0


***********************************************************************
Fatal NI connect error 12541, connecting to:
 (DESCRIPTION=(ADDRESS=(PROTOCOL=TCP)(HOST=HCS-LAPTOP)(PORT=1521))(CONNECT_DATA=(SERVER=DEDICATED)(SERVICE_NAME=XE)(CID=(PROGRAM=C:\wtarka\source\wtarka.exe)(HOST=HCS-LAPTOP)(USER=Hargitai?Csaba))))

  VERSION INFORMATION:
	TNS for 32-bit Windows: Version 10.2.0.1.0 - Production
	Windows NT TCP/IP NT Protocol Adapter for 32-bit Windows: Version 10.2.0.1.0 - Production
  Time: 13-APR-2011 22:22:25
  Tracing not turned on.
  Tns error struct:
    ns main err code: 12541
    TNS-12541: TNS:no listener
    ns secondary err code: 12560
    nt main err code: 511
    TNS-00511: No listener
    nt secondary err code: 61
    nt OS err code: 0


***********************************************************************
Fatal NI connect error 12541, connecting to:
 (DESCRIPTION=(ADDRESS=(PROTOCOL=TCP)(HOST=HCS-LAPTOP)(PORT=1521))(CONNECT_DATA=(SERVER=DEDICATED)(SERVICE_NAME=XE)(CID=(PROGRAM=C:\wtarka\source\wtarka.exe)(HOST=HCS-LAPTOP)(USER=Hargitai?Csaba))))

  VERSION INFORMATION:
	TNS for 32-bit Windows: Version 10.2.0.1.0 - Production
	Windows NT TCP/IP NT Protocol Adapter for 32-bit Windows: Version 10.2.0.1.0 - Production
  Time: 14-APR-2011 10:23:44
  Tracing not turned on.
  Tns error struct:
    ns main err code: 12541
    TNS-12541: TNS:no listener
    ns secondary err code: 12560
    nt main err code: 511
    TNS-00511: No listener
    nt secondary err code: 61
    nt OS err code: 0


***********************************************************************
Fatal NI connect error 12541, connecting to:
 (DESCRIPTION=(ADDRESS=(PROTOCOL=TCP)(HOST=HCS-LAPTOP)(PORT=1521))(CONNECT_DATA=(SERVER=DEDICATED)(SERVICE_NAME=XE)(CID=(PROGRAM=C:\wtarka\source\wtarka.exe)(HOST=HCS-LAPTOP)(USER=Hargitai?Csaba))))

  VERSION INFORMATION:
	TNS for 32-bit Windows: Version 10.2.0.1.0 - Production
	Windows NT TCP/IP NT Protocol Adapter for 32-bit Windows: Version 10.2.0.1.0 - Production
  Time: 02-JUN-2011 09:22:39
  Tracing not turned on.
  Tns error struct:
    ns main err code: 12541
    TNS-12541: TNS:no listener
    ns secondary err code: 12560
    nt main err code: 511
    TNS-00511: No listener
    nt secondary err code: 61
    nt OS err code: 0


***********************************************************************
Fatal NI connect error 12541, connecting to:
 (DESCRIPTION=(ADDRESS=(PROTOCOL=TCP)(HOST=HCS-LAPTOP)(PORT=1521))(CONNECT_DATA=(SERVER=DEDICATED)(SERVICE_NAME=XE)(CID=(PROGRAM=C:\wtarka\source\wtarka.exe)(HOST=HCS-LAPTOP)(USER=Hargitai?Csaba))))

  VERSION INFORMATION:
	TNS for 32-bit Windows: Version 10.2.0.1.0 - Production
	Windows NT TCP/IP NT Protocol Adapter for 32-bit Windows: Version 10.2.0.1.0 - Production
  Time: 11-JUL-2011 10:54:58
  Tracing not turned on.
  Tns error struct:
    ns main err code: 12541
    TNS-12541: TNS:no listener
    ns secondary err code: 12560
    nt main err code: 511
    TNS-00511: No listener
    nt secondary err code: 61
    nt OS err code: 0


***********************************************************************
Fatal NI connect error 12541, connecting to:
 (DESCRIPTION=(ADDRESS=(PROTOCOL=TCP)(HOST=HCS-LAPTOP)(PORT=1521))(CONNECT_DATA=(SERVER=DEDICATED)(SERVICE_NAME=XE)(CID=(PROGRAM=C:\wtarka\source\wtarka.exe)(HOST=HCS-LAPTOP)(USER=Hargitai?Csaba))))

  VERSION INFORMATION:
	TNS for 32-bit Windows: Version 10.2.0.1.0 - Production
	Windows NT TCP/IP NT Protocol Adapter for 32-bit Windows: Version 10.2.0.1.0 - Production
  Time: 11-JUL-2011 10:55:04
  Tracing not turned on.
  Tns error struct:
    ns main err code: 12541
    TNS-12541: TNS:no listener
    ns secondary err code: 12560
    nt main err code: 511
    TNS-00511: No listener
    nt secondary err code: 61
    nt OS err code: 0


***********************************************************************
Fatal NI connect error 12541, connecting to:
 (DESCRIPTION=(ADDRESS=(PROTOCOL=TCP)(HOST=HCS-LAPTOP)(PORT=1521))(CONNECT_DATA=(SERVER=DEDICATED)(SERVICE_NAME=XE)(CID=(PROGRAM=C:\wtarka\source\wtarka.exe)(HOST=HCS-LAPTOP)(USER=Hargitai?Csaba))))

  VERSION INFORMATION:
	TNS for 32-bit Windows: Version 10.2.0.1.0 - Production
	Windows NT TCP/IP NT Protocol Adapter for 32-bit Windows: Version 10.2.0.1.0 - Production
  Time: 11-JUL-2011 10:55:49
  Tracing not turned on.
  Tns error struct:
    ns main err code: 12541
    TNS-12541: TNS:no listener
    ns secondary err code: 12560
    nt main err code: 511
    TNS-00511: No listener
    nt secondary err code: 61
    nt OS err code: 0


***********************************************************************
Fatal NI connect error 6413, connecting to:
 (DESCRIPTION=(CONNECT_DATA=(SERVICE_NAME=xe)(CID=(PROGRAM=C:\Program Files (x86)\Borland\Delphi7\Bin\delphi32.exe)(HOST=SZFVHQAIRN005)(USER=L09006)))(ADDRESS=(PROTOCOL=TCP)(HOST=127.0.0.1)(PORT=1521)))

  VERSION INFORMATION:
	TNS for 32-bit Windows: Version 10.2.0.1.0 - Production
  Time: 07-SZEPT.-2011 08:49:01
  Tracing not turned on.


***********************************************************************
Fatal NI connect error 6413, connecting to:
 (DESCRIPTION=(ADDRESS=(PROTOCOL=TCP)(HOST=SZFVHQAIRN005.LAUREL.LOCAL)(PORT=1521))(CONNECT_DATA=(SERVER=DEDICATED)(SERVICE_NAME=XE)(CID=(PROGRAM=C:\Program Files (x86)\Borland\Delphi7\Bin\delphi32.exe)(HOST=SZFVHQAIRN005)(USER=L09006))))

  VERSION INFORMATION:
	TNS for 32-bit Windows: Version 10.2.0.1.0 - Production
  Time: 09-OKT.  -2011 19:48:39
  Tracing not turned on.


***********************************************************************
Fatal NI connect error 6413, connecting to:
 (DESCRIPTION=(ADDRESS_LIST=(ADDRESS=(PROTOCOL=BEQ)(PROGRAM=oracle)(ARGV0=oracleXE)(ARGS='(DESCRIPTION=(LOCAL=YES)(ADDRESS=(PROTOCOL=beq)))')))(CONNECT_DATA=(SID=XE)(CID=(PROGRAM=C:\Program Files (x86)\Borland\Delphi7\Bin\delphi32.exe)(HOST=SZFVHQAIRN005)(USER=L09006))))

  VERSION INFORMATION:
	TNS for 32-bit Windows: Version 10.2.0.1.0 - Production
  Time: 09-OKT.  -2011 19:48:39
  Tracing not turned on.


***********************************************************************
Fatal NI connect error 6413, connecting to:
 (DESCRIPTION=(ADDRESS=(PROTOCOL=TCP)(HOST=SZFVHQAIRN005.LAUREL.LOCAL)(PORT=1521))(CONNECT_DATA=(SERVER=DEDICATED)(SERVICE_NAME=XE)(CID=(PROGRAM=C:\Program Files (x86)\Borland\Delphi7\Bin\delphi32.exe)(HOST=SZFVHQAIRN005)(USER=L09006))))

  VERSION INFORMATION:
	TNS for 32-bit Windows: Version 10.2.0.1.0 - Production
  Time: 09-OKT.  -2011 19:48:56
  Tracing not turned on.


***********************************************************************
Fatal NI connect error 6413, connecting to:
 (DESCRIPTION=(ADDRESS_LIST=(ADDRESS=(PROTOCOL=BEQ)(PROGRAM=oracle)(ARGV0=oracleXE)(ARGS='(DESCRIPTION=(LOCAL=YES)(ADDRESS=(PROTOCOL=beq)))')))(CONNECT_DATA=(SID=XE)(CID=(PROGRAM=C:\Program Files (x86)\Borland\Delphi7\Bin\delphi32.exe)(HOST=SZFVHQAIRN005)(USER=L09006))))

  VERSION INFORMATION:
	TNS for 32-bit Windows: Version 10.2.0.1.0 - Production
  Time: 09-OKT.  -2011 19:48:56
  Tracing not turned on.


***********************************************************************
Fatal NI connect error 6413, connecting to:
 (DESCRIPTION=(ADDRESS=(PROTOCOL=TCP)(HOST=SZFVHQAIRN005.LAUREL.LOCAL)(PORT=1521))(CONNECT_DATA=(SERVER=DEDICATED)(SERVICE_NAME=XE)(CID=(PROGRAM=C:\Program Files (x86)\Borland\Delphi7\Bin\delphi32.exe)(HOST=SZFVHQAIRN005)(USER=L09006))))

  VERSION INFORMATION:
	TNS for 32-bit Windows: Version 10.2.0.1.0 - Production
  Time: 09-OKT.  -2011 19:50:30
  Tracing not turned on.


***********************************************************************
Fatal NI connect error 6413, connecting to:
 (DESCRIPTION=(ADDRESS_LIST=(ADDRESS=(PROTOCOL=BEQ)(PROGRAM=oracle)(ARGV0=oracleXE)(ARGS='(DESCRIPTION=(LOCAL=YES)(ADDRESS=(PROTOCOL=beq)))')))(CONNECT_DATA=(SID=XE)(CID=(PROGRAM=C:\Program Files (x86)\Borland\Delphi7\Bin\delphi32.exe)(HOST=SZFVHQAIRN005)(USER=L09006))))

  VERSION INFORMATION:
	TNS for 32-bit Windows: Version 10.2.0.1.0 - Production
  Time: 09-OKT.  -2011 19:50:30
  Tracing not turned on.


***********************************************************************
Fatal NI connect error 6413, connecting to:
 (DESCRIPTION=(ADDRESS=(PROTOCOL=TCP)(HOST=SZFVHQAIRN005.LAUREL.LOCAL)(PORT=1521))(CONNECT_DATA=(SERVER=DEDICATED)(SERVICE_NAME=XE)(CID=(PROGRAM=C:\Program Files (x86)\Borland\Delphi7\Bin\delphi32.exe)(HOST=SZFVHQAIRN005)(USER=L09006))))

  VERSION INFORMATION:
	TNS for 32-bit Windows: Version 10.2.0.1.0 - Production
  Time: 09-OKT.  -2011 19:50:38
  Tracing not turned on.


***********************************************************************
Fatal NI connect error 6413, connecting to:
 (DESCRIPTION=(ADDRESS_LIST=(ADDRESS=(PROTOCOL=BEQ)(PROGRAM=oracle)(ARGV0=oracleXE)(ARGS='(DESCRIPTION=(LOCAL=YES)(ADDRESS=(PROTOCOL=beq)))')))(CONNECT_DATA=(SID=XE)(CID=(PROGRAM=C:\Program Files (x86)\Borland\Delphi7\Bin\delphi32.exe)(HOST=SZFVHQAIRN005)(USER=L09006))))

  VERSION INFORMATION:
	TNS for 32-bit Windows: Version 10.2.0.1.0 - Production
  Time: 09-OKT.  -2011 19:50:38
  Tracing not turned on.


***********************************************************************
Fatal NI connect error 6413, connecting to:
 (DESCRIPTION=(ADDRESS=(PROTOCOL=TCP)(HOST=SZFVHQAIRN005.LAUREL.LOCAL)(PORT=1521))(CONNECT_DATA=(SERVER=DEDICATED)(SERVICE_NAME=XE)(CID=(PROGRAM=C:\Program Files (x86)\Borland\Delphi7\Bin\delphi32.exe)(HOST=SZFVHQAIRN005)(USER=L09006))))

  VERSION INFORMATION:
	TNS for 32-bit Windows: Version 10.2.0.1.0 - Production
  Time: 09-OKT.  -2011 19:51:17
  Tracing not turned on.


***********************************************************************
Fatal NI connect error 6413, connecting to:
 (DESCRIPTION=(ADDRESS_LIST=(ADDRESS=(PROTOCOL=BEQ)(PROGRAM=oracle)(ARGV0=oracleXE)(ARGS='(DESCRIPTION=(LOCAL=YES)(ADDRESS=(PROTOCOL=beq)))')))(CONNECT_DATA=(SID=XE)(CID=(PROGRAM=C:\Program Files (x86)\Borland\Delphi7\Bin\delphi32.exe)(HOST=SZFVHQAIRN005)(USER=L09006))))

  VERSION INFORMATION:
	TNS for 32-bit Windows: Version 10.2.0.1.0 - Production
  Time: 09-OKT.  -2011 19:51:17
  Tracing not turned on.


***********************************************************************
Fatal NI connect error 6413, connecting to:
 (DESCRIPTION=(CONNECT_DATA=(SERVICE_NAME=)(CID=(PROGRAM=C:\Program Files (x86)\Borland\Delphi7\Bin\delphi32.exe)(HOST=SZFVHQAIRN005)(USER=L09006)))(ADDRESS=(PROTOCOL=TCP)(HOST=127.0.0.1)(PORT=1521)))

  VERSION INFORMATION:
	TNS for 32-bit Windows: Version 10.2.0.1.0 - Production
  Time: 09-OKT.  -2011 19:56:41
  Tracing not turned on.


***********************************************************************
Fatal NI connect error 6413, connecting to:
 (DESCRIPTION=(CONNECT_DATA=(SERVICE_NAME=xe)(CID=(PROGRAM=C:\Program Files (x86)\Borland\Delphi7\Bin\delphi32.exe)(HOST=SZFVHQAIRN005)(USER=L09006)))(ADDRESS=(PROTOCOL=TCP)(HOST=127.0.0.1)(PORT=1521)))

  VERSION INFORMATION:
	TNS for 32-bit Windows: Version 10.2.0.1.0 - Production
  Time: 09-OKT.  -2011 20:00:28
  Tracing not turned on.


***********************************************************************
Fatal NI connect error 6413, connecting to:
 (DESCRIPTION=(CONNECT_DATA=(SERVICE_NAME=xe)(CID=(PROGRAM=C:\Program Files (x86)\Borland\Delphi7\Bin\delphi32.exe)(HOST=SZFVHQAIRN005)(USER=L09006)))(ADDRESS=(PROTOCOL=TCP)(HOST=127.0.0.1)(PORT=1521)))

  VERSION INFORMATION:
	TNS for 32-bit Windows: Version 10.2.0.1.0 - Production
  Time: 09-OKT.  -2011 20:00:38
  Tracing not turned on.


***********************************************************************
Fatal NI connect error 6413, connecting to:
 (DESCRIPTION=(CONNECT_DATA=(SERVICE_NAME=xe)(CID=(PROGRAM=C:\Program Files (x86)\Borland\Delphi7\Bin\delphi32.exe)(HOST=SZFVHQAIRN005)(USER=L09006)))(ADDRESS=(PROTOCOL=TCP)(HOST=127.0.0.1)(PORT=1521)))

  VERSION INFORMATION:
	TNS for 32-bit Windows: Version 10.2.0.1.0 - Production
  Time: 09-OKT.  -2011 20:01:27
  Tracing not turned on.


***********************************************************************
Fatal NI connect error 6413, connecting to:
 (DESCRIPTION=(CONNECT_DATA=(SERVICE_NAME=xe)(CID=(PROGRAM=C:\Program Files (x86)\Borland\Delphi7\Bin\delphi32.exe)(HOST=SZFVHQAIRN005)(USER=L09006)))(ADDRESS=(PROTOCOL=TCP)(HOST=127.0.0.1)(PORT=1521)))

  VERSION INFORMATION:
	TNS for 32-bit Windows: Version 10.2.0.1.0 - Production
  Time: 09-OKT.  -2011 20:01:36
  Tracing not turned on.


***********************************************************************
Fatal NI connect error 6413, connecting to:
 (DESCRIPTION=(CONNECT_DATA=(SERVICE_NAME=xe)(CID=(PROGRAM=C:\Program Files (x86)\Borland\Delphi7\Bin\delphi32.exe)(HOST=SZFVHQAIRN005)(USER=L09006)))(ADDRESS=(PROTOCOL=TCP)(HOST=127.0.0.1)(PORT=1521)))

  VERSION INFORMATION:
	TNS for 32-bit Windows: Version 10.2.0.1.0 - Production
  Time: 09-OKT.  -2011 20:02:29
  Tracing not turned on.


***********************************************************************
Fatal NI connect error 6413, connecting to:
 (DESCRIPTION=(CONNECT_DATA=(SERVICE_NAME=)(CID=(PROGRAM=C:\Program Files (x86)\Borland\Delphi7\Bin\delphi32.exe)(HOST=SZFVHQAIRN005)(USER=L09006)))(ADDRESS=(PROTOCOL=TCP)(HOST=127.0.0.1)(PORT=1521)))

  VERSION INFORMATION:
	TNS for 32-bit Windows: Version 10.2.0.1.0 - Production
  Time: 09-OKT.  -2011 20:02:41
  Tracing not turned on.


***********************************************************************
Fatal NI connect error 6413, connecting to:
 (DESCRIPTION=(CONNECT_DATA=(SERVICE_NAME=)(CID=(PROGRAM=C:\Program Files (x86)\Borland\Delphi7\Bin\delphi32.exe)(HOST=SZFVHQAIRN005)(USER=L09006)))(ADDRESS=(PROTOCOL=TCP)(HOST=127.0.0.1)(PORT=1521)))

  VERSION INFORMATION:
	TNS for 32-bit Windows: Version 10.2.0.1.0 - Production
  Time: 09-OKT.  -2011 20:02:50
  Tracing not turned on.


***********************************************************************
Fatal NI connect error 6413, connecting to:
 (DESCRIPTION=(ADDRESS_LIST=(ADDRESS=(PROTOCOL=BEQ)(PROGRAM=oracle)(ARGV0=oracleXE)(ARGS='(DESCRIPTION=(LOCAL=YES)(ADDRESS=(PROTOCOL=beq)))')))(CONNECT_DATA=(SID=XE)(CID=(PROGRAM=C:\Program Files (x86)\Borland\Delphi7\Bin\delphi32.exe)(HOST=SZFVHQAIRN005)(USER=L09006))))

  VERSION INFORMATION:
	TNS for 32-bit Windows: Version 10.2.0.1.0 - Production
  Time: 09-OKT.  -2011 20:03:14
  Tracing not turned on.


***********************************************************************
Fatal NI connect error 12541, connecting to:
 (DESCRIPTION=(ADDRESS=(PROTOCOL=TCP)(HOST=SZFVHQAIRN005)(PORT=1521))(CONNECT_DATA=(SERVER=DEDICATED)(SERVICE_NAME=XE)(CID=(PROGRAM=C:\wtarka\source\wtarka.exe)(HOST=SZFVHQAIRN005)(USER=L09006))))

  VERSION INFORMATION:
	TNS for 32-bit Windows: Version 10.2.0.1.0 - Production
	Windows NT TCP/IP NT Protocol Adapter for 32-bit Windows: Version 10.2.0.1.0 - Production
  Time: 06-NOV.  -2011 20:22:42
  Tracing not turned on.
  Tns error struct:
    ns main err code: 12541
    TNS-12541: TNS:no listener
    ns secondary err code: 12560
    nt main err code: 511
    TNS-00511: No listener
    nt secondary err code: 61
    nt OS err code: 0


***********************************************************************
Fatal NI connect error 12541, connecting to:
 (DESCRIPTION=(ADDRESS=(PROTOCOL=TCP)(HOST=SZFVHQAIRN005)(PORT=1521))(CONNECT_DATA=(SERVER=DEDICATED)(SERVICE_NAME=XE)(CID=(PROGRAM=C:\wtarka\source\wtarka.exe)(HOST=SZFVHQAIRN005)(USER=L09006))))

  VERSION INFORMATION:
	TNS for 32-bit Windows: Version 10.2.0.1.0 - Production
	Windows NT TCP/IP NT Protocol Adapter for 32-bit Windows: Version 10.2.0.1.0 - Production
  Time: 06-NOV.  -2011 20:22:49
  Tracing not turned on.
  Tns error struct:
    ns main err code: 12541
    TNS-12541: TNS:no listener
    ns secondary err code: 12560
    nt main err code: 511
    TNS-00511: No listener
    nt secondary err code: 61
    nt OS err code: 0


***********************************************************************
Fatal NI connect error 12541, connecting to:
 (DESCRIPTION=(ADDRESS=(PROTOCOL=TCP)(HOST=SZFVHQAIRN005)(PORT=1521))(CONNECT_DATA=(SERVER=DEDICATED)(SERVICE_NAME=XE)(CID=(PROGRAM=C:\wtarka\source\wtarka.exe)(HOST=SZFVHQAIRN005)(USER=L09006))))

  VERSION INFORMATION:
	TNS for 32-bit Windows: Version 10.2.0.1.0 - Production
	Windows NT TCP/IP NT Protocol Adapter for 32-bit Windows: Version 10.2.0.1.0 - Production
  Time: 06-NOV.  -2011 20:22:52
  Tracing not turned on.
  Tns error struct:
    ns main err code: 12541
    TNS-12541: TNS:no listener
    ns secondary err code: 12560
    nt main err code: 511
    TNS-00511: No listener
    nt secondary err code: 61
    nt OS err code: 0


***********************************************************************
Fatal NI connect error 12541, connecting to:
 (DESCRIPTION=(ADDRESS=(PROTOCOL=TCP)(HOST=SZFVHQAIRN005)(PORT=1521))(CONNECT_DATA=(SERVER=DEDICATED)(SERVICE_NAME=XE)(CID=(PROGRAM=C:\wtarka\source\wtarka.exe)(HOST=SZFVHQAIRN005)(USER=L09006))))

  VERSION INFORMATION:
	TNS for 32-bit Windows: Version 10.2.0.1.0 - Production
	Windows NT TCP/IP NT Protocol Adapter for 32-bit Windows: Version 10.2.0.1.0 - Production
  Time: 06-NOV.  -2011 20:23:00
  Tracing not turned on.
  Tns error struct:
    ns main err code: 12541
    TNS-12541: TNS:no listener
    ns secondary err code: 12560
    nt main err code: 511
    TNS-00511: No listener
    nt secondary err code: 61
    nt OS err code: 0


***********************************************************************
Fatal NI connect error 12541, connecting to:
 (DESCRIPTION=(ADDRESS=(PROTOCOL=TCP)(HOST=SZFVHQAIRN005)(PORT=1521))(CONNECT_DATA=(SERVER=DEDICATED)(SERVICE_NAME=XE)(CID=(PROGRAM=C:\wtarka\source\wtarka.exe)(HOST=SZFVHQAIRN005)(USER=L09006))))

  VERSION INFORMATION:
	TNS for 32-bit Windows: Version 10.2.0.1.0 - Production
	Windows NT TCP/IP NT Protocol Adapter for 32-bit Windows: Version 10.2.0.1.0 - Production
  Time: 09-NOV.  -2011 11:07:53
  Tracing not turned on.
  Tns error struct:
    ns main err code: 12541
    TNS-12541: TNS:no listener
    ns secondary err code: 12560
    nt main err code: 511
    TNS-00511: No listener
    nt secondary err code: 61
    nt OS err code: 0


***********************************************************************
Fatal NI connect error 12541, connecting to:
 (DESCRIPTION=(ADDRESS=(PROTOCOL=TCP)(HOST=SZFVHQAIRN005)(PORT=1521))(CONNECT_DATA=(SERVER=DEDICATED)(SERVICE_NAME=XE)(CID=(PROGRAM=C:\wtarka\source\wtarka.exe)(HOST=SZFVHQAIRN005)(USER=L09006))))

  VERSION INFORMATION:
	TNS for 32-bit Windows: Version 10.2.0.1.0 - Production
	Windows NT TCP/IP NT Protocol Adapter for 32-bit Windows: Version 10.2.0.1.0 - Production
  Time: 09-NOV.  -2011 11:07:56
  Tracing not turned on.
  Tns error struct:
    ns main err code: 12541
    TNS-12541: TNS:no listener
    ns secondary err code: 12560
    nt main err code: 511
    TNS-00511: No listener
    nt secondary err code: 61
    nt OS err code: 0


***********************************************************************
Fatal NI connect error 12541, connecting to:
 (DESCRIPTION=(ADDRESS=(PROTOCOL=TCP)(HOST=SZFVHQAIRN005)(PORT=1521))(CONNECT_DATA=(SERVER=DEDICATED)(SERVICE_NAME=XE)(CID=(PROGRAM=C:\wtarka\source\wtarka.exe)(HOST=SZFVHQAIRN005)(USER=L09006))))

  VERSION INFORMATION:
	TNS for 32-bit Windows: Version 10.2.0.1.0 - Production
	Windows NT TCP/IP NT Protocol Adapter for 32-bit Windows: Version 10.2.0.1.0 - Production
  Time: 09-NOV.  -2011 11:07:58
  Tracing not turned on.
  Tns error struct:
    ns main err code: 12541
    TNS-12541: TNS:no listener
    ns secondary err code: 12560
    nt main err code: 511
    TNS-00511: No listener
    nt secondary err code: 61
    nt OS err code: 0


***********************************************************************
Fatal NI connect error 12541, connecting to:
 (DESCRIPTION=(ADDRESS=(PROTOCOL=TCP)(HOST=SZFVHQAIRN005)(PORT=1521))(CONNECT_DATA=(SERVER=DEDICATED)(SERVICE_NAME=XE)(CID=(PROGRAM=C:\wtarka\source\wtarka.exe)(HOST=SZFVHQAIRN005)(USER=L09006))))

  VERSION INFORMATION:
	TNS for 32-bit Windows: Version 10.2.0.1.0 - Production
	Windows NT TCP/IP NT Protocol Adapter for 32-bit Windows: Version 10.2.0.1.0 - Production
  Time: 09-NOV.  -2011 11:08:03
  Tracing not turned on.
  Tns error struct:
    ns main err code: 12541
    TNS-12541: TNS:no listener
    ns secondary err code: 12560
    nt main err code: 511
    TNS-00511: No listener
    nt secondary err code: 61
    nt OS err code: 0


***********************************************************************
Fatal NI connect error 12541, connecting to:
 (DESCRIPTION=(ADDRESS=(PROTOCOL=TCP)(HOST=SZFVHQAIRN005)(PORT=1521))(CONNECT_DATA=(SERVER=DEDICATED)(SERVICE_NAME=XE)(CID=(PROGRAM=C:\wtarka\source\wtarka.exe)(HOST=SZFVHQAIRN005)(USER=L09006))))

  VERSION INFORMATION:
	TNS for 32-bit Windows: Version 10.2.0.1.0 - Production
	Windows NT TCP/IP NT Protocol Adapter for 32-bit Windows: Version 10.2.0.1.0 - Production
  Time: 12-NOV.  -2011 14:40:18
  Tracing not turned on.
  Tns error struct:
    ns main err code: 12541
    TNS-12541: TNS:no listener
    ns secondary err code: 12560
    nt main err code: 511
    TNS-00511: No listener
    nt secondary err code: 61
    nt OS err code: 0


***********************************************************************
Fatal NI connect error 12514, connecting to:
 (DESCRIPTION=(ADDRESS=(PROTOCOL=TCP)(HOST=VirtualXP-24416)(PORT=1521))(CONNECT_DATA=(SERVER=DEDICATED)(SERVICE_NAME=XE)(CID=(PROGRAM=C:\Program Files\Borland\Delphi7\Bin\delphi32.exe)(HOST=VIRTUALXP-24416)(USER=XPMUser))))

  VERSION INFORMATION:
	TNS for 32-bit Windows: Version 10.2.0.1.0 - Production
	Windows NT TCP/IP NT Protocol Adapter for 32-bit Windows: Version 10.2.0.1.0 - Production
  Time: 16-JAN-2012 19:32:46
  Tracing not turned on.
  Tns error struct:
    ns main err code: 12564
    TNS-12564: TNS:connection refused
    ns secondary err code: 0
    nt main err code: 0
    nt secondary err code: 0
    nt OS err code: 0


***********************************************************************
Fatal NI connect error 12514, connecting to:
 (DESCRIPTION=(ADDRESS=(PROTOCOL=TCP)(HOST=VirtualXP-24416)(PORT=1521))(CONNECT_DATA=(SERVER=DEDICATED)(SERVICE_NAME=XE)(CID=(PROGRAM=C:\Program Files\Borland\Delphi7\Bin\delphi32.exe)(HOST=VIRTUALXP-24416)(USER=XPMUser))))

  VERSION INFORMATION:
	TNS for 32-bit Windows: Version 10.2.0.1.0 - Production
	Windows NT TCP/IP NT Protocol Adapter for 32-bit Windows: Version 10.2.0.1.0 - Production
  Time: 22-MAR-2012 20:58:27
  Tracing not turned on.
  Tns error struct:
    ns main err code: 12564
    TNS-12564: TNS:connection refused
    ns secondary err code: 0
    nt main err code: 0
    nt secondary err code: 0
    nt OS err code: 0


***********************************************************************
Fatal NI connect error 12170.

  VERSION INFORMATION:
	TNS for 32-bit Windows: Version 10.2.0.1.0 - Production
	Windows NT TCP/IP NT Protocol Adapter for 32-bit Windows: Version 10.2.0.1.0 - Production
  Time: 02-SEP-2012 17:01:36
  Tracing not turned on.
  Tns error struct:
    ns main err code: 12535
    TNS-12535: TNS:operation timed out
    ns secondary err code: 12560
    nt main err code: 505
    TNS-00505: Operation timed out
    nt secondary err code: 60
    nt OS err code: 0
  Client address: <unknown>


***********************************************************************
Fatal NI connect error 12170.

  VERSION INFORMATION:
	TNS for 32-bit Windows: Version 10.2.0.1.0 - Production
	Windows NT TCP/IP NT Protocol Adapter for 32-bit Windows: Version 10.2.0.1.0 - Production
  Time: 03-SEP-2012 17:51:57
  Tracing not turned on.
  Tns error struct:
    ns main err code: 12535
    TNS-12535: TNS:operation timed out
    ns secondary err code: 12560
    nt main err code: 505
    TNS-00505: Operation timed out
    nt secondary err code: 60
    nt OS err code: 0
  Client address: <unknown>


***********************************************************************
Fatal NI connect error 12170.

  VERSION INFORMATION:
	TNS for 32-bit Windows: Version 10.2.0.1.0 - Production
	Windows NT TCP/IP NT Protocol Adapter for 32-bit Windows: Version 10.2.0.1.0 - Production
  Time: 03-SEP-2012 17:52:26
  Tracing not turned on.
  Tns error struct:
    ns main err code: 12535
    TNS-12535: TNS:operation timed out
    ns secondary err code: 12560
    nt main err code: 505
    TNS-00505: Operation timed out
    nt secondary err code: 60
    nt OS err code: 0
  Client address: <unknown>


***********************************************************************
Fatal NI connect error 12170.

  VERSION INFORMATION:
	TNS for 32-bit Windows: Version 10.2.0.1.0 - Production
	Windows NT TCP/IP NT Protocol Adapter for 32-bit Windows: Version 10.2.0.1.0 - Production
  Time: 03-SEP-2012 17:53:06
  Tracing not turned on.
  Tns error struct:
    ns main err code: 12535
    TNS-12535: TNS:operation timed out
    ns secondary err code: 12560
    nt main err code: 505
    TNS-00505: Operation timed out
    nt secondary err code: 60
    nt OS err code: 0
  Client address: <unknown>


***********************************************************************
Fatal NI connect error 12170.

  VERSION INFORMATION:
	TNS for 32-bit Windows: Version 10.2.0.1.0 - Production
	Windows NT TCP/IP NT Protocol Adapter for 32-bit Windows: Version 10.2.0.1.0 - Production
  Time: 03-SEP-2012 17:53:11
  Tracing not turned on.
  Tns error struct:
    ns main err code: 12535
    TNS-12535: TNS:operation timed out
    ns secondary err code: 12560
    nt main err code: 505
    TNS-00505: Operation timed out
    nt secondary err code: 60
    nt OS err code: 0
  Client address: <unknown>


***********************************************************************
Fatal NI connect error 12170.

  VERSION INFORMATION:
	TNS for 32-bit Windows: Version 10.2.0.1.0 - Production
	Windows NT TCP/IP NT Protocol Adapter for 32-bit Windows: Version 10.2.0.1.0 - Production
  Time: 03-SEP-2012 17:53:27
  Tracing not turned on.
  Tns error struct:
    ns main err code: 12535
    TNS-12535: TNS:operation timed out
    ns secondary err code: 12560
    nt main err code: 505
    TNS-00505: Operation timed out
    nt secondary err code: 60
    nt OS err code: 0
  Client address: <unknown>


***********************************************************************
Fatal NI connect error 12170.

  VERSION INFORMATION:
	TNS for 32-bit Windows: Version 10.2.0.1.0 - Production
	Windows NT TCP/IP NT Protocol Adapter for 32-bit Windows: Version 10.2.0.1.0 - Production
  Time: 03-SEP-2012 17:53:28
  Tracing not turned on.
  Tns error struct:
    ns main err code: 12535
    TNS-12535: TNS:operation timed out
    ns secondary err code: 12560
    nt main err code: 505
    TNS-00505: Operation timed out
    nt secondary err code: 60
    nt OS err code: 0
  Client address: <unknown>


***********************************************************************
Fatal NI connect error 12170.

  VERSION INFORMATION:
	TNS for 32-bit Windows: Version 10.2.0.1.0 - Production
	Windows NT TCP/IP NT Protocol Adapter for 32-bit Windows: Version 10.2.0.1.0 - Production
  Time: 03-SEP-2012 17:53:37
  Tracing not turned on.
  Tns error struct:
    ns main err code: 12535
    TNS-12535: TNS:operation timed out
    ns secondary err code: 12560
    nt main err code: 505
    TNS-00505: Operation timed out
    nt secondary err code: 60
    nt OS err code: 0
  Client address: <unknown>


***********************************************************************
Fatal NI connect error 12170.

  VERSION INFORMATION:
	TNS for 32-bit Windows: Version 10.2.0.1.0 - Production
	Windows NT TCP/IP NT Protocol Adapter for 32-bit Windows: Version 10.2.0.1.0 - Production
  Time: 03-SEP-2012 18:06:55
  Tracing not turned on.
  Tns error struct:
    ns main err code: 12535
    TNS-12535: TNS:operation timed out
    ns secondary err code: 12560
    nt main err code: 505
    TNS-00505: Operation timed out
    nt secondary err code: 60
    nt OS err code: 0
  Client address: <unknown>


***********************************************************************
Fatal NI connect error 12170.

  VERSION INFORMATION:
	TNS for 32-bit Windows: Version 10.2.0.1.0 - Production
	Windows NT TCP/IP NT Protocol Adapter for 32-bit Windows: Version 10.2.0.1.0 - Production
  Time: 03-SEP-2012 18:07:23
  Tracing not turned on.
  Tns error struct:
    ns main err code: 12535
    TNS-12535: TNS:operation timed out
    ns secondary err code: 12560
    nt main err code: 505
    TNS-00505: Operation timed out
    nt secondary err code: 60
    nt OS err code: 0
  Client address: <unknown>
